[INFO] Scanning for projects...
[INFO] 
[INFO] -------------------------< com.betrybe:agrix >--------------------------
[INFO] Building agrix 1.0-SNAPSHOT
[INFO] --------------------------------[ jar ]---------------------------------
[INFO] 
[INFO] --- maven-clean-plugin:3.2.0:clean (default-clean) @ agrix ---
[INFO] Deleting /home/joao/Documents/trybe/java/java-001-projeto-final-agrix-fase-b/target-coverage-req-02
[INFO] 
[INFO] --- maven-checkstyle-plugin:3.3.0:check (checkstyle) @ agrix ---
[INFO] Starting audit...
Audit done.
[INFO] You have 0 Checkstyle violations.
[INFO] 
[INFO] --- jacoco-maven-plugin:0.8.10:prepare-agent (default-prepare-agent) @ agrix ---
[INFO] argLine set to -javaagent:/home/joao/.m2/repository/org/jacoco/org.jacoco.agent/0.8.10/org.jacoco.agent-0.8.10-runtime.jar=destfile=/home/joao/Documents/trybe/java/java-001-projeto-final-agrix-fase-b/target-coverage-req-02/jacoco.exec,includes=com/betrybe/agrix/ebytr/staff/service/PersonService*
[INFO] 
[INFO] --- maven-resources-plugin:3.3.1:resources (default-resources) @ agrix ---
[INFO] skip non existing resourceDirectory /home/joao/Documents/trybe/java/java-001-projeto-final-agrix-fase-b/src/main/resources
[INFO] 
[INFO] --- maven-compiler-plugin:3.8.1:compile (default-compile) @ agrix ---
[INFO] Changes detected - recompiling the module!
[INFO] Compiling 25 source files to /home/joao/Documents/trybe/java/java-001-projeto-final-agrix-fase-b/target-coverage-req-02/classes
[INFO] 
[INFO] --- maven-resources-plugin:3.3.1:testResources (default-testResources) @ agrix ---
[INFO] Copying 1 resource from src/test/resources to target-coverage-req-02/test-classes
[INFO] 
[INFO] --- maven-compiler-plugin:3.8.1:testCompile (default-testCompile) @ agrix ---
[INFO] Changes detected - recompiling the module!
[INFO] Compiling 16 source files to /home/joao/Documents/trybe/java/java-001-projeto-final-agrix-fase-b/target-coverage-req-02/test-classes
[INFO] /home/joao/Documents/trybe/java/java-001-projeto-final-agrix-fase-b/src/test/java/com/betrybe/agrix/evaluation/mock/MockFarm.java: Some input files use unchecked or unsafe operations.
[INFO] /home/joao/Documents/trybe/java/java-001-projeto-final-agrix-fase-b/src/test/java/com/betrybe/agrix/evaluation/mock/MockFarm.java: Recompile with -Xlint:unchecked for details.
[INFO] 
[INFO] --- maven-surefire-plugin:3.0.0-M5:test (default-test) @ agrix ---
[INFO] 
[INFO] -------------------------------------------------------
[INFO]  T E S T S
[INFO] -------------------------------------------------------
[INFO] Running null
[ERROR] OpenJDK 64-Bit Server VM warning: Sharing is only supported for boot loader classes because bootstrap classpath has been appended
[INFO] Tests run: 5, Failures: 0, Errors: 0, Skipped: 0, Time elapsed: 0.855 s - in null
[INFO] 
[INFO] Results:
[INFO] 
[INFO] Tests run: 5, Failures: 0, Errors: 0, Skipped: 0
[INFO] 
[INFO] 
[INFO] --- jacoco-maven-plugin:0.8.10:report (default-cli) @ agrix ---
[INFO] Loading execution data file /home/joao/Documents/trybe/java/java-001-projeto-final-agrix-fase-b/target-coverage-req-02/jacoco.exec
[INFO] Analyzed bundle 'agrix' with 1 classes
[INFO] ------------------------------------------------------------------------
[INFO] BUILD SUCCESS
[INFO] ------------------------------------------------------------------------
[INFO] Total time:  6.172 s
[INFO] Finished at: 2024-06-16T18:36:16-03:00
[INFO] ------------------------------------------------------------------------
